<?xml version="1.0" encoding="UTF-8"?>
<testsuite xmlns:xsi="http://www.w3.org/2001/XMLSchema-instance" xsi:noNamespaceSchemaLocation="https://maven.apache.org/surefire/maven-surefire-plugin/xsd/surefire-test-report.xsd" version="3.0.2" name="GetIngredientsTest" time="0.24" tests="1" errors="0" skipped="0" failures="0">
  <properties>
    <property name="java.specification.version" value="22"/>
    <property name="sun.cpu.isalist" value="amd64"/>
    <property name="sun.jnu.encoding" value="Cp1251"/>
    <property name="java.class.path" value="C:\Users\Nataly\Documents\Yandex\final\diplom2_APITests\target\test-classes;C:\Users\Nataly\Documents\Yandex\final\diplom2_APITests\target\classes;C:\Users\Nataly\.m2\repository\io\qameta\allure\allure-junit4\2.28.0\allure-junit4-2.28.0.jar;C:\Users\Nataly\.m2\repository\io\qameta\allure\allure-java-commons\2.28.0\allure-java-commons-2.28.0.jar;C:\Users\Nataly\.m2\repository\io\qameta\allure\allure-model\2.28.0\allure-model-2.28.0.jar;C:\Users\Nataly\.m2\repository\io\qameta\allure\allure-test-filter\2.28.0\allure-test-filter-2.28.0.jar;C:\Users\Nataly\.m2\repository\io\qameta\allure\allure-rest-assured\2.28.0\allure-rest-assured-2.28.0.jar;C:\Users\Nataly\.m2\repository\io\qameta\allure\allure-attachments\2.28.0\allure-attachments-2.28.0.jar;C:\Users\Nataly\.m2\repository\org\freemarker\freemarker\2.3.33\freemarker-2.3.33.jar;C:\Users\Nataly\.m2\repository\io\rest-assured\rest-assured\5.5.0\rest-assured-5.5.0.jar;C:\Users\Nataly\.m2\repository\org\apache\groovy\groovy\4.0.22\groovy-4.0.22.jar;C:\Users\Nataly\.m2\repository\org\apache\groovy\groovy-xml\4.0.22\groovy-xml-4.0.22.jar;C:\Users\Nataly\.m2\repository\org\apache\httpcomponents\httpclient\4.5.13\httpclient-4.5.13.jar;C:\Users\Nataly\.m2\repository\org\apache\httpcomponents\httpcore\4.4.13\httpcore-4.4.13.jar;C:\Users\Nataly\.m2\repository\commons-logging\commons-logging\1.2\commons-logging-1.2.jar;C:\Users\Nataly\.m2\repository\commons-codec\commons-codec\1.11\commons-codec-1.11.jar;C:\Users\Nataly\.m2\repository\org\apache\httpcomponents\httpmime\4.5.13\httpmime-4.5.13.jar;C:\Users\Nataly\.m2\repository\org\hamcrest\hamcrest\2.2\hamcrest-2.2.jar;C:\Users\Nataly\.m2\repository\org\ccil\cowan\tagsoup\tagsoup\1.2.1\tagsoup-1.2.1.jar;C:\Users\Nataly\.m2\repository\io\rest-assured\json-path\5.5.0\json-path-5.5.0.jar;C:\Users\Nataly\.m2\repository\org\apache\groovy\groovy-json\4.0.22\groovy-json-4.0.22.jar;C:\Users\Nataly\.m2\repository\io\rest-assured\rest-assured-common\5.5.0\rest-assured-common-5.5.0.jar;C:\Users\Nataly\.m2\repository\io\rest-assured\xml-path\5.5.0\xml-path-5.5.0.jar;C:\Users\Nataly\.m2\repository\junit\junit\4.13.2\junit-4.13.2.jar;C:\Users\Nataly\.m2\repository\org\hamcrest\hamcrest-core\1.3\hamcrest-core-1.3.jar;C:\Users\Nataly\.m2\repository\com\google\code\gson\gson\2.11.0\gson-2.11.0.jar;C:\Users\Nataly\.m2\repository\com\google\errorprone\error_prone_annotations\2.27.0\error_prone_annotations-2.27.0.jar;C:\Users\Nataly\.m2\repository\org\projectlombok\lombok\1.18.34\lombok-1.18.34.jar;C:\Users\Nataly\.m2\repository\org\slf4j\slf4j-api\2.0.13\slf4j-api-2.0.13.jar;C:\Users\Nataly\.m2\repository\ch\qos\logback\logback-classic\1.5.6\logback-classic-1.5.6.jar;C:\Users\Nataly\.m2\repository\ch\qos\logback\logback-core\1.5.6\logback-core-1.5.6.jar;C:\Users\Nataly\.m2\repository\org\apache\commons\commons-lang3\3.15.0\commons-lang3-3.15.0.jar;"/>
    <property name="java.vm.vendor" value="Oracle Corporation"/>
    <property name="sun.arch.data.model" value="64"/>
    <property name="user.variant" value=""/>
    <property name="java.vendor.url" value="https://java.oracle.com/"/>
    <property name="user.timezone" value="Europe/Moscow"/>
    <property name="os.name" value="Windows 11"/>
    <property name="java.vm.specification.version" value="22"/>
    <property name="sun.java.launcher" value="SUN_STANDARD"/>
    <property name="user.country" value="RU"/>
    <property name="sun.boot.library.path" value="C:\Users\Nataly\.jdks\openjdk-22.0.1\bin"/>
    <property name="sun.java.command" value="C:\Users\Nataly\AppData\Local\Temp\surefire14428437660244272722\surefirebooter-20240828141754224_3.jar C:\Users\Nataly\AppData\Local\Temp\surefire14428437660244272722 2024-08-28T14-17-54_131-jvmRun1 surefire-20240828141754224_1tmp surefire_0-20240828141754224_2tmp"/>
    <property name="jdk.debug" value="release"/>
    <property name="surefire.test.class.path" value="C:\Users\Nataly\Documents\Yandex\final\diplom2_APITests\target\test-classes;C:\Users\Nataly\Documents\Yandex\final\diplom2_APITests\target\classes;C:\Users\Nataly\.m2\repository\io\qameta\allure\allure-junit4\2.28.0\allure-junit4-2.28.0.jar;C:\Users\Nataly\.m2\repository\io\qameta\allure\allure-java-commons\2.28.0\allure-java-commons-2.28.0.jar;C:\Users\Nataly\.m2\repository\io\qameta\allure\allure-model\2.28.0\allure-model-2.28.0.jar;C:\Users\Nataly\.m2\repository\io\qameta\allure\allure-test-filter\2.28.0\allure-test-filter-2.28.0.jar;C:\Users\Nataly\.m2\repository\io\qameta\allure\allure-rest-assured\2.28.0\allure-rest-assured-2.28.0.jar;C:\Users\Nataly\.m2\repository\io\qameta\allure\allure-attachments\2.28.0\allure-attachments-2.28.0.jar;C:\Users\Nataly\.m2\repository\org\freemarker\freemarker\2.3.33\freemarker-2.3.33.jar;C:\Users\Nataly\.m2\repository\io\rest-assured\rest-assured\5.5.0\rest-assured-5.5.0.jar;C:\Users\Nataly\.m2\repository\org\apache\groovy\groovy\4.0.22\groovy-4.0.22.jar;C:\Users\Nataly\.m2\repository\org\apache\groovy\groovy-xml\4.0.22\groovy-xml-4.0.22.jar;C:\Users\Nataly\.m2\repository\org\apache\httpcomponents\httpclient\4.5.13\httpclient-4.5.13.jar;C:\Users\Nataly\.m2\repository\org\apache\httpcomponents\httpcore\4.4.13\httpcore-4.4.13.jar;C:\Users\Nataly\.m2\repository\commons-logging\commons-logging\1.2\commons-logging-1.2.jar;C:\Users\Nataly\.m2\repository\commons-codec\commons-codec\1.11\commons-codec-1.11.jar;C:\Users\Nataly\.m2\repository\org\apache\httpcomponents\httpmime\4.5.13\httpmime-4.5.13.jar;C:\Users\Nataly\.m2\repository\org\hamcrest\hamcrest\2.2\hamcrest-2.2.jar;C:\Users\Nataly\.m2\repository\org\ccil\cowan\tagsoup\tagsoup\1.2.1\tagsoup-1.2.1.jar;C:\Users\Nataly\.m2\repository\io\rest-assured\json-path\5.5.0\json-path-5.5.0.jar;C:\Users\Nataly\.m2\repository\org\apache\groovy\groovy-json\4.0.22\groovy-json-4.0.22.jar;C:\Users\Nataly\.m2\repository\io\rest-assured\rest-assured-common\5.5.0\rest-assured-common-5.5.0.jar;C:\Users\Nataly\.m2\repository\io\rest-assured\xml-path\5.5.0\xml-path-5.5.0.jar;C:\Users\Nataly\.m2\repository\junit\junit\4.13.2\junit-4.13.2.jar;C:\Users\Nataly\.m2\repository\org\hamcrest\hamcrest-core\1.3\hamcrest-core-1.3.jar;C:\Users\Nataly\.m2\repository\com\google\code\gson\gson\2.11.0\gson-2.11.0.jar;C:\Users\Nataly\.m2\repository\com\google\errorprone\error_prone_annotations\2.27.0\error_prone_annotations-2.27.0.jar;C:\Users\Nataly\.m2\repository\org\projectlombok\lombok\1.18.34\lombok-1.18.34.jar;C:\Users\Nataly\.m2\repository\org\slf4j\slf4j-api\2.0.13\slf4j-api-2.0.13.jar;C:\Users\Nataly\.m2\repository\ch\qos\logback\logback-classic\1.5.6\logback-classic-1.5.6.jar;C:\Users\Nataly\.m2\repository\ch\qos\logback\logback-core\1.5.6\logback-core-1.5.6.jar;C:\Users\Nataly\.m2\repository\org\apache\commons\commons-lang3\3.15.0\commons-lang3-3.15.0.jar;"/>
    <property name="allure.results.directory" value="C:\Users\Nataly\Documents\Yandex\final\diplom2_APITests\target/allure-results"/>
    <property name="sun.cpu.endian" value="little"/>
    <property name="user.home" value="C:\Users\Nataly"/>
    <property name="user.language" value="ru"/>
    <property name="java.specification.vendor" value="Oracle Corporation"/>
    <property name="java.version.date" value="2024-04-16"/>
    <property name="java.home" value="C:\Users\Nataly\.jdks\openjdk-22.0.1"/>
    <property name="file.separator" value="\"/>
    <property name="basedir" value="C:\Users\Nataly\Documents\Yandex\final\diplom2_APITests"/>
    <property name="java.vm.compressedOopsMode" value="32-bit"/>
    <property name="line.separator" value="&#10;"/>
    <property name="java.vm.specification.vendor" value="Oracle Corporation"/>
    <property name="java.specification.name" value="Java Platform API Specification"/>
    <property name="surefire.real.class.path" value="C:\Users\Nataly\AppData\Local\Temp\surefire14428437660244272722\surefirebooter-20240828141754224_3.jar"/>
    <property name="user.script" value=""/>
    <property name="sun.management.compiler" value="HotSpot 64-Bit Tiered Compilers"/>
    <property name="java.runtime.version" value="22.0.1+8-16"/>
    <property name="user.name" value="Nataly"/>
    <property name="stdout.encoding" value="Cp1251"/>
    <property name="path.separator" value=";"/>
    <property name="os.version" value="10.0"/>
    <property name="java.runtime.name" value="OpenJDK Runtime Environment"/>
    <property name="file.encoding" value="UTF-8"/>
    <property name="java.vm.name" value="OpenJDK 64-Bit Server VM"/>
    <property name="localRepository" value="C:\Users\Nataly\.m2\repository"/>
    <property name="java.vendor.url.bug" value="https://bugreport.java.com/bugreport/"/>
    <property name="java.io.tmpdir" value="C:\Users\Nataly\AppData\Local\Temp\"/>
    <property name="idea.version" value="2023.1.2"/>
    <property name="java.version" value="22.0.1"/>
    <property name="user.dir" value="C:\Users\Nataly\Documents\Yandex\final\diplom2_APITests"/>
    <property name="os.arch" value="amd64"/>
    <property name="java.vm.specification.name" value="Java Virtual Machine Specification"/>
    <property name="sun.os.patch.level" value=""/>
    <property name="native.encoding" value="Cp1251"/>
    <property name="java.library.path" value="C:\Users\Nataly\.jdks\openjdk-22.0.1\bin;C:\WINDOWS\Sun\Java\bin;C:\WINDOWS\system32;C:\WINDOWS;C:\Program Files\Amazon Corretto\jdk11.0.23_9\bin;C:\Program Files (x86)\Common Files\Oracle\Java\javapath;C:\Windows\system32;C:\Windows;C:\Windows\System32\Wbem;C:\Windows\System32\WindowsPowerShell\v1.0\;C:\Windows\System32\OpenSSH\;C:\Program Files (x86)\NVIDIA Corporation\PhysX\Common;C:\Program Files\NVIDIA Corporation\NVIDIA NvDLISR;C:\WINDOWS\system32;C:\WINDOWS;C:\WINDOWS\System32\Wbem;C:\WINDOWS\System32\WindowsPowerShell\v1.0\;C:\WINDOWS\System32\OpenSSH\;C:\Program Files (x86)\sbt\bin;C:\Program Files\k6\;C:\chromedriver;C:\Program Files\Git\cmd;C:\geckodriver;C:\Program Files\apache-maven-3.9.6\bin;C:\git\Sprint7_API\.allure\allure-2.30.0\bin;C:\Users\Nataly\AppData\Local\Microsoft\WindowsApps;C:\Program Files\JetBrains\PyCharm Community Edition 2023.1.1\bin;C:\Program Files\JetBrains\IntelliJ IDEA Community Edition 2023.1.2\bin;C:\Users\Nataly\AppData\Local\Programs\Microsoft VS Code\bin;C:\Users\Nataly\AppData\Local\Programs\Fiddler;C:\chromedriver;C:\geckodriver;C:\Program Files\apache-maven-3.9.6\bin;C:\git\Sprint7_API\.allure\allure-2.30.0\bin;;."/>
    <property name="java.vm.info" value="mixed mode, sharing"/>
    <property name="stderr.encoding" value="Cp1251"/>
    <property name="java.vendor" value="Oracle Corporation"/>
    <property name="java.vm.version" value="22.0.1+8-16"/>
    <property name="sun.io.unicode.encoding" value="UnicodeLittle"/>
    <property name="java.class.version" value="66.0"/>
  </properties>
  <testcase name="getAllIngredients" classname="GetIngredientsTest" time="0.238">
    <system-out><![CDATA[14:18:09.526 [main] INFO GetIngredientsTest -- Получен ответ от сервера: {"success":true,"data":[{"_id":"61c0c5a71d1f82001bdaaa6d","name":"Флюоресцентная булка R2-D3","type":"bun","proteins":44,"fat":26,"carbohydrates":85,"calories":643,"price":988,"image":"https://code.s3.yandex.net/react/code/bun-01.png","image_mobile":"https://code.s3.yandex.net/react/code/bun-01-mobile.png","image_large":"https://code.s3.yandex.net/react/code/bun-01-large.png","__v":0},{"_id":"61c0c5a71d1f82001bdaaa6f","name":"Мясо бессмертных моллюсков Protostomia","type":"main","proteins":433,"fat":244,"carbohydrates":33,"calories":420,"price":1337,"image":"https://code.s3.yandex.net/react/code/meat-02.png","image_mobile":"https://code.s3.yandex.net/react/code/meat-02-mobile.png","image_large":"https://code.s3.yandex.net/react/code/meat-02-large.png","__v":0},{"_id":"61c0c5a71d1f82001bdaaa70","name":"Говяжий метеорит (отбивная)","type":"main","proteins":800,"fat":800,"carbohydrates":300,"calories":2674,"price":3000,"image":"https://code.s3.yandex.net/react/code/meat-04.png","image_mobile":"https://code.s3.yandex.net/react/code/meat-04-mobile.png","image_large":"https://code.s3.yandex.net/react/code/meat-04-large.png","__v":0},{"_id":"61c0c5a71d1f82001bdaaa71","name":"Биокотлета из марсианской Магнолии","type":"main","proteins":420,"fat":142,"carbohydrates":242,"calories":4242,"price":424,"image":"https://code.s3.yandex.net/react/code/meat-01.png","image_mobile":"https://code.s3.yandex.net/react/code/meat-01-mobile.png","image_large":"https://code.s3.yandex.net/react/code/meat-01-large.png","__v":0},{"_id":"61c0c5a71d1f82001bdaaa72","name":"Соус Spicy-X","type":"sauce","proteins":30,"fat":20,"carbohydrates":40,"calories":30,"price":90,"image":"https://code.s3.yandex.net/react/code/sauce-02.png","image_mobile":"https://code.s3.yandex.net/react/code/sauce-02-mobile.png","image_large":"https://code.s3.yandex.net/react/code/sauce-02-large.png","__v":0},{"_id":"61c0c5a71d1f82001bdaaa6e","name":"Филе Люминесцентного тетраодонтимформа","type":"main","proteins":44,"fat":26,"carbohydrates":85,"calories":643,"price":988,"image":"https://code.s3.yandex.net/react/code/meat-03.png","image_mobile":"https://code.s3.yandex.net/react/code/meat-03-mobile.png","image_large":"https://code.s3.yandex.net/react/code/meat-03-large.png","__v":0},{"_id":"61c0c5a71d1f82001bdaaa73","name":"Соус фирменный Space Sauce","type":"sauce","proteins":50,"fat":22,"carbohydrates":11,"calories":14,"price":80,"image":"https://code.s3.yandex.net/react/code/sauce-04.png","image_mobile":"https://code.s3.yandex.net/react/code/sauce-04-mobile.png","image_large":"https://code.s3.yandex.net/react/code/sauce-04-large.png","__v":0},{"_id":"61c0c5a71d1f82001bdaaa74","name":"Соус традиционный галактический","type":"sauce","proteins":42,"fat":24,"carbohydrates":42,"calories":99,"price":15,"image":"https://code.s3.yandex.net/react/code/sauce-03.png","image_mobile":"https://code.s3.yandex.net/react/code/sauce-03-mobile.png","image_large":"https://code.s3.yandex.net/react/code/sauce-03-large.png","__v":0},{"_id":"61c0c5a71d1f82001bdaaa6c","name":"Краторная булка N-200i","type":"bun","proteins":80,"fat":24,"carbohydrates":53,"calories":420,"price":1255,"image":"https://code.s3.yandex.net/react/code/bun-02.png","image_mobile":"https://code.s3.yandex.net/react/code/bun-02-mobile.png","image_large":"https://code.s3.yandex.net/react/code/bun-02-large.png","__v":0},{"_id":"61c0c5a71d1f82001bdaaa75","name":"Соус с шипами Антарианского плоскоходца","type":"sauce","proteins":101,"fat":99,"carbohydrates":100,"calories":100,"price":88,"image":"https://code.s3.yandex.net/react/code/sauce-01.png","image_mobile":"https://code.s3.yandex.net/react/code/sauce-01-mobile.png","image_large":"https://code.s3.yandex.net/react/code/sauce-01-large.png","__v":0},{"_id":"61c0c5a71d1f82001bdaaa76","name":"Хрустящие минеральные кольца","type":"main","proteins":808,"fat":689,"carbohydrates":609,"calories":986,"price":300,"image":"https://code.s3.yandex.net/react/code/mineral_rings.png","image_mobile":"https://code.s3.yandex.net/react/code/mineral_rings-mobile.png","image_large":"https://code.s3.yandex.net/react/code/mineral_rings-large.png","__v":0},{"_id":"61c0c5a71d1f82001bdaaa77","name":"Плоды Фалленианского дерева","type":"main","proteins":20,"fat":5,"carbohydrates":55,"calories":77,"price":874,"image":"https://code.s3.yandex.net/react/code/sp_1.png","image_mobile":"https://code.s3.yandex.net/react/code/sp_1-mobile.png","image_large":"https://code.s3.yandex.net/react/code/sp_1-large.png","__v":0},{"_id":"61c0c5a71d1f82001bdaaa78","name":"Кристаллы марсианских альфа-сахаридов","type":"main","proteins":234,"fat":432,"carbohydrates":111,"calories":189,"price":762,"image":"https://code.s3.yandex.net/react/code/core.png","image_mobile":"https://code.s3.yandex.net/react/code/core-mobile.png","image_large":"https://code.s3.yandex.net/react/code/core-large.png","__v":0},{"_id":"61c0c5a71d1f82001bdaaa79","name":"Мини-салат Экзо-Плантаго","type":"main","proteins":1,"fat":2,"carbohydrates":3,"calories":6,"price":4400,"image":"https://code.s3.yandex.net/react/code/salad.png","image_mobile":"https://code.s3.yandex.net/react/code/salad-mobile.png","image_large":"https://code.s3.yandex.net/react/code/salad-large.png","__v":0},{"_id":"61c0c5a71d1f82001bdaaa7a","name":"Сыр с астероидной плесенью","type":"main","proteins":84,"fat":48,"carbohydrates":420,"calories":3377,"price":4142,"image":"https://code.s3.yandex.net/react/code/cheese.png","image_mobile":"https://code.s3.yandex.net/react/code/cheese-mobile.png","image_large":"https://code.s3.yandex.net/react/code/cheese-large.png","__v":0}]}
]]></system-out>
  </testcase>
</testsuite>